<?xml version="1.0" encoding="UTF-8"?>
<testng-results skipped="0" failed="1" ignored="0" total="1" passed="0">
  <reporter-output>
  </reporter-output>
  <suite name="End to End Suite" duration-ms="146638" started-at="2020-06-14T22:13:51 IST" finished-at="2020-06-14T22:16:18 IST">
    <groups>
    </groups>
    <test name="Chrome" duration-ms="146638" started-at="2020-06-14T22:13:51 IST" finished-at="2020-06-14T22:16:18 IST">
      <class name="com.orange.testcases.PIM_EmployeeListTest">
        <test-method status="PASS" signature="initTestSuite()[pri:0, instance:com.orange.testcases.PIM_EmployeeListTest@70b0b186]" name="initTestSuite" is-config="true" duration-ms="150" started-at="2020-06-14T22:13:51 IST" finished-at="2020-06-14T22:13:51 IST">
          <reporter-output>
          </reporter-output>
        </test-method> <!-- initTestSuite -->
        <test-method status="PASS" signature="initWebDriver(java.lang.String, java.lang.reflect.Method)[pri:0, instance:com.orange.testcases.PIM_EmployeeListTest@70b0b186]" name="initWebDriver" is-config="true" duration-ms="9247" started-at="2020-06-14T22:13:51 IST" finished-at="2020-06-14T22:14:01 IST">
          <params>
            <param index="0">
              <value>
                <![CDATA[Chrome]]>
              </value>
            </param>
            <param index="1">
              <value>
                <![CDATA[public static void com.orange.testcases.PIM_EmployeeListTest.test_checkEmpId(com.orange.base.InputEnvironmentDetails,com.orange.base.InputTestDetails)]]>
              </value>
            </param>
          </params>
          <reporter-output>
          </reporter-output>
        </test-method> <!-- initWebDriver -->
        <test-method status="FAIL" signature="test_checkEmpId(com.orange.base.InputEnvironmentDetails, com.orange.base.InputTestDetails)[pri:0, instance:com.orange.testcases.PIM_EmployeeListTest@70b0b186]" name="test_checkEmpId" duration-ms="131684" started-at="2020-06-14T22:14:01 IST" data-provider="TEST_DATA_PROVIDER" finished-at="2020-06-14T22:16:12 IST">
          <params>
            <param index="0">
              <value>
                <![CDATA[com.orange.base.InputEnvironmentDetails@7ae928bc]]>
              </value>
            </param>
            <param index="1">
              <value>
                <![CDATA[com.orange.base.InputTestDetails@2f26e8e2]]>
              </value>
            </param>
          </params>
          <exception class="java.lang.RuntimeException">
            <message>
              <![CDATA[Expected condition failed: waiting for visibility of Proxy element for: DefaultElementLocator 'By.xpath: //span[text()='Should be within Min/Max values']' (tried for 50 second(s) with 500 milliseconds interval)]]>
            </message>
            <full-stacktrace>
              <![CDATA[java.lang.RuntimeException: Expected condition failed: waiting for visibility of Proxy element for: DefaultElementLocator 'By.xpath: //span[text()='Should be within Min/Max values']' (tried for 50 second(s) with 500 milliseconds interval)
at com.orange.base.CommonFunctions.waitForElement(CommonFunctions.java:803)
at com.orange.pages.PIM_EmployeeList.minMaxValidationMsgVisibility(PIM_EmployeeList.java:125)
at com.orange.testcases.PIM_EmployeeListTest.test_checkEmpId(PIM_EmployeeListTest.java:65)
at sun.reflect.NativeMethodAccessorImpl.invoke0(Native Method)
at sun.reflect.NativeMethodAccessorImpl.invoke(Unknown Source)
at sun.reflect.DelegatingMethodAccessorImpl.invoke(Unknown Source)
at java.lang.reflect.Method.invoke(Unknown Source)
at org.testng.internal.MethodInvocationHelper.invokeMethod(MethodInvocationHelper.java:135)
at org.testng.internal.TestInvoker.invokeMethod(TestInvoker.java:598)
at org.testng.internal.TestInvoker.invokeTestMethod(TestInvoker.java:174)
at org.testng.internal.MethodRunner.runInSequence(MethodRunner.java:46)
at org.testng.internal.TestInvoker$MethodInvocationAgent.invoke(TestInvoker.java:821)
at org.testng.internal.TestInvoker.invokeTestMethods(TestInvoker.java:147)
at org.testng.internal.TestMethodWorker.invokeTestMethods(TestMethodWorker.java:146)
at org.testng.internal.TestMethodWorker.run(TestMethodWorker.java:128)
at java.util.concurrent.ThreadPoolExecutor.runWorker(Unknown Source)
at java.util.concurrent.ThreadPoolExecutor$Worker.run(Unknown Source)
at java.lang.Thread.run(Unknown Source)
]]>
            </full-stacktrace>
          </exception> <!-- java.lang.RuntimeException -->
          <reporter-output>
          </reporter-output>
        </test-method> <!-- test_checkEmpId -->
        <test-method status="PASS" signature="tearDown(org.testng.ITestResult, java.lang.String)[pri:0, instance:com.orange.testcases.PIM_EmployeeListTest@70b0b186]" name="tearDown" is-config="true" duration-ms="5654" started-at="2020-06-14T22:16:12 IST" finished-at="2020-06-14T22:16:18 IST">
          <params>
            <param index="0">
              <value>
                <![CDATA[[TestResult name=test_checkEmpId status=FAILURE method=PIM_EmployeeListTest.test_checkEmpId(com.orange.base.InputEnvironmentDetails, com.orange.base.InputTestDetails)[pri:0, instance:com.orange.testcases.PIM_EmployeeListTest@70b0b186] output={null}]]]>
              </value>
            </param>
            <param index="1">
              <value>
                <![CDATA[Chrome]]>
              </value>
            </param>
          </params>
          <reporter-output>
          </reporter-output>
        </test-method> <!-- tearDown -->
        <test-method status="PASS" signature="endSuite()[pri:0, instance:com.orange.testcases.PIM_EmployeeListTest@70b0b186]" name="endSuite" is-config="true" duration-ms="2507" started-at="2020-06-14T22:16:18 IST" finished-at="2020-06-14T22:16:21 IST">
          <reporter-output>
          </reporter-output>
        </test-method> <!-- endSuite -->
      </class> <!-- com.orange.testcases.PIM_EmployeeListTest -->
    </test> <!-- Chrome -->
  </suite> <!-- End to End Suite -->
</testng-results>
